<?xml version="1.0" encoding="UTF-8"?>
<!-- Generated by org.testng.reporters.JUnitReportReporter -->
<testsuite hostname="vanashree-PC" name="testScript.TestCheckout" tests="2" failures="0" timestamp="8 Apr 2018 05:57:23 GMT" time="19.243" errors="0">
  <testcase name="f" time="0.011" classname="testScript.TestCheckout"/>
  <testcase name="testSimpleFlow" time="19.232" classname="testScript.TestCheckout"/>
</testsuite> <!-- testScript.TestCheckout -->
